[0.070s] Invoking command in '/workspace/Ur5_simulation/src/build/robotiq_driver': CMAKE_PREFIX_PATH=${CMAKE_PREFIX_PATH}:/opt/ros/humble CONDA_PROMPT_MODIFIER=(base) PS1=Apptainer> /usr/bin/cmake /workspace/Ur5_simulation/src/ros2_robotiq_gripper/robotiq_driver -DCMAKE_INSTALL_PREFIX=/workspace/Ur5_simulation/src/install/robotiq_driver
[0.406s] -- The CXX compiler identification is GNU 11.4.0
[0.425s] -- Detecting CXX compiler ABI info
[0.579s] -- Detecting CXX compiler ABI info - done
[0.587s] -- Check for working CXX compiler: /usr/bin/c++ - skipped
[0.587s] -- Detecting CXX compile features
[0.588s] -- Detecting CXX compile features - done
[0.601s] -- Found ament_cmake: 1.3.12 (/opt/ros/humble/share/ament_cmake/cmake)
[1.361s] -- Found Python3: /home/inr8842/miniconda3/bin/python3 (found version "3.9.12") found components: Interpreter 
[1.568s] -- Found hardware_interface: 2.52.0 (/opt/ros/humble/share/hardware_interface/cmake)
[1.652s] -- Found rosidl_generator_c: 3.1.7 (/opt/ros/humble/share/rosidl_generator_c/cmake)
[1.663s] -- Found rosidl_adapter: 3.1.7 (/opt/ros/humble/share/rosidl_adapter/cmake)
[1.679s] -- Found rosidl_generator_cpp: 3.1.7 (/opt/ros/humble/share/rosidl_generator_cpp/cmake)
[1.701s] -- Using all available rosidl_typesupport_c: rosidl_typesupport_fastrtps_c;rosidl_typesupport_introspection_c
[1.730s] -- Using all available rosidl_typesupport_cpp: rosidl_typesupport_fastrtps_cpp;rosidl_typesupport_introspection_cpp
[2.115s] -- Found rmw_implementation_cmake: 6.1.2 (/opt/ros/humble/share/rmw_implementation_cmake/cmake)
[2.120s] -- Found rmw_fastrtps_cpp: 6.2.8 (/opt/ros/humble/share/rmw_fastrtps_cpp/cmake)
[2.168s] -- Found TinyXML2 via Config file: TinyXML2_DIR-NOTFOUND
[2.372s] -- Found OpenSSL: /usr/lib/x86_64-linux-gnu/libcrypto.so (found version "3.0.2")  
[2.378s] -- Found TinyXML2 via Config file: TinyXML2_DIR-NOTFOUND
[2.403s] -- Found FastRTPS: /opt/ros/humble/include  
[2.408s] -- Found TinyXML2 via Config file: TinyXML2_DIR-NOTFOUND
[2.420s] -- Found TinyXML2 via Config file: TinyXML2_DIR-NOTFOUND
[2.434s] -- Using RMW implementation 'rmw_fastrtps_cpp' as default
[2.458s] -- Looking for C++ include pthread.h
[2.746s] -- Looking for C++ include pthread.h - found
[2.746s] -- Performing Test CMAKE_HAVE_LIBC_PTHREAD
[2.904s] -- Performing Test CMAKE_HAVE_LIBC_PTHREAD - Success
[2.906s] -- Found Threads: TRUE  
[3.001s] [31mCMake Error at CMakeLists.txt:18 (find_package):
[3.001s]   By not providing "Findserial.cmake" in CMAKE_MODULE_PATH this project has
[3.001s]   asked CMake to find a package configuration file provided by "serial", but
[3.001s]   CMake did not find one.
[3.001s] 
[3.001s]   Could not find a package configuration file provided by "serial" with any
[3.002s]   of the following names:
[3.002s] 
[3.002s]     serialConfig.cmake
[3.002s]     serial-config.cmake
[3.002s] 
[3.002s]   Add the installation prefix of "serial" to CMAKE_PREFIX_PATH or set
[3.002s]   "serial_DIR" to a directory containing one of the above files.  If "serial"
[3.002s]   provides a separate development package or SDK, be sure it has been
[3.002s]   installed.
[3.002s] 
[3.002s] [0m
[3.002s] -- Configuring incomplete, errors occurred!
[3.002s] See also "/workspace/Ur5_simulation/src/build/robotiq_driver/CMakeFiles/CMakeOutput.log".
