[0.039s] Invoking command in '/workspace/Ur5_simulation/src/build/grasping_objects': CMAKE_PREFIX_PATH=${CMAKE_PREFIX_PATH}:/opt/ros/humble CONDA_PROMPT_MODIFIER=(base) PS1=Apptainer> /usr/bin/cmake /workspace/Ur5_simulation/src/grasping_objects -DCMAKE_INSTALL_PREFIX=/workspace/Ur5_simulation/src/install/grasping_objects
[0.351s] -- The C compiler identification is GNU 11.4.0
[0.631s] -- The CXX compiler identification is GNU 11.4.0
[0.642s] -- Detecting C compiler ABI info
[1.045s] -- Detecting C compiler ABI info - done
[1.053s] -- Check for working C compiler: /usr/bin/cc - skipped
[1.053s] -- Detecting C compile features
[1.054s] -- Detecting C compile features - done
[1.059s] -- Detecting CXX compiler ABI info
[1.524s] -- Detecting CXX compiler ABI info - done
[1.531s] -- Check for working CXX compiler: /usr/bin/c++ - skipped
[1.531s] -- Detecting CXX compile features
[1.531s] -- Detecting CXX compile features - done
[1.542s] -- Found ament_cmake: 1.3.12 (/opt/ros/humble/share/ament_cmake/cmake)
[3.648s] -- Found Python3: /home/inr8842/miniconda3/bin/python3 (found version "3.9.12") found components: Interpreter 
[3.723s] [31mCMake Error at /opt/ros/humble/share/ament_cmake_core/cmake/core/stamp.cmake:24 (configure_file):
[3.723s]   Operation not permitted
[3.723s] Call Stack (most recent call first):
[3.723s]   /opt/ros/humble/share/ament_cmake_core/cmake/ament_cmake_package_templates-extras.cmake:24 (stamp)
[3.723s]   /opt/ros/humble/share/ament_cmake_core/cmake/ament_cmake_coreConfig.cmake:41 (include)
[3.723s]   /opt/ros/humble/share/ament_cmake/cmake/ament_cmake_export_dependencies-extras.cmake:15 (find_package)
[3.723s]   /opt/ros/humble/share/ament_cmake/cmake/ament_cmakeConfig.cmake:41 (include)
[3.723s]   CMakeLists.txt:9 (find_package)
[3.724s] 
[3.724s] [0m
[4.135s] -- Found rclpy: 3.3.17 (/opt/ros/humble/share/rclpy/cmake)
[4.139s] -- Found xacro: 2.1.1 (/opt/ros/humble/share/xacro/cmake)
[4.148s] -- Found gazebo_ros: 3.9.0 (/opt/ros/humble/share/gazebo_ros/cmake)
[4.356s] -- Found rosidl_generator_c: 3.1.7 (/opt/ros/humble/share/rosidl_generator_c/cmake)
[4.427s] -- Found rosidl_adapter: 3.1.7 (/opt/ros/humble/share/rosidl_adapter/cmake)
[4.443s] -- Found rosidl_generator_cpp: 3.1.7 (/opt/ros/humble/share/rosidl_generator_cpp/cmake)
[4.524s] -- Using all available rosidl_typesupport_c: rosidl_typesupport_fastrtps_c;rosidl_typesupport_introspection_c
[4.552s] -- Using all available rosidl_typesupport_cpp: rosidl_typesupport_fastrtps_cpp;rosidl_typesupport_introspection_cpp
[4.754s] -- Found rmw_implementation_cmake: 6.1.2 (/opt/ros/humble/share/rmw_implementation_cmake/cmake)
[4.761s] -- Found rmw_fastrtps_cpp: 6.2.8 (/opt/ros/humble/share/rmw_fastrtps_cpp/cmake)
[5.235s] -- Found OpenSSL: /usr/lib/x86_64-linux-gnu/libcrypto.so (found version "3.0.2")  
[5.348s] -- Found FastRTPS: /opt/ros/humble/include  
[5.547s] -- Using RMW implementation 'rmw_fastrtps_cpp' as default
[5.632s] -- Looking for pthread.h
[5.941s] -- Looking for pthread.h - found
[5.941s] -- Performing Test CMAKE_HAVE_LIBC_PTHREAD
[6.227s] -- Performing Test CMAKE_HAVE_LIBC_PTHREAD - Success
[6.229s] -- Found Threads: TRUE  
[6.427s] -- Found PkgConfig: /usr/bin/pkg-config (found version "0.29.2") 
[6.428s] -- Checking for module 'bullet>=2.82'
[6.460s] --   Found bullet, version 3.05
[6.786s] -- Found fcl: /usr/include (found suitable version "0.7.0", minimum required is "0.5.0") 
[6.880s] -- Found assimp: /usr/include (found version "5.2.0") 
[6.967s] -- Found DART: /usr/include (Required is at least version "6.6") found components: dart 
[7.017s] -- Found Boost: /usr/lib/x86_64-linux-gnu/cmake/Boost-1.74.0/BoostConfig.cmake (found suitable version "1.74.0", minimum required is "1.40.0") found components: thread system filesystem program_options regex iostreams date_time 
[7.063s] -- Found Protobuf: /usr/lib/x86_64-linux-gnu/libprotobuf.so (found version "3.12.4") 
[7.081s] -- Looking for ignition-math6 -- found version 6.15.1
[7.095s] -- Searching for dependencies of ignition-math6
[7.097s] -- Looking for OGRE...
[7.098s] -- OGRE_PREFIX_WATCH changed.
[7.105s] -- Checking for module 'OGRE'
[7.130s] --   Found OGRE, version 1.9.0
[7.244s] -- Found Ogre Ghadamon (1.9.0)
[7.264s] -- Found OGRE: optimized;/usr/lib/x86_64-linux-gnu/libOgreMain.so;debug;/usr/lib/x86_64-linux-gnu/libOgreMain.so
[7.276s] -- Looking for OGRE_Paging...
[7.291s] -- Found OGRE_Paging: optimized;/usr/lib/x86_64-linux-gnu/libOgrePaging.so;debug;/usr/lib/x86_64-linux-gnu/libOgrePaging.so
[7.291s] -- Looking for OGRE_Terrain...
[7.306s] -- Found OGRE_Terrain: optimized;/usr/lib/x86_64-linux-gnu/libOgreTerrain.so;debug;/usr/lib/x86_64-linux-gnu/libOgreTerrain.so
[7.306s] -- Looking for OGRE_Property...
[7.321s] -- Found OGRE_Property: optimized;/usr/lib/x86_64-linux-gnu/libOgreProperty.so;debug;/usr/lib/x86_64-linux-gnu/libOgreProperty.so
[7.321s] -- Looking for OGRE_RTShaderSystem...
[7.336s] -- Found OGRE_RTShaderSystem: optimized;/usr/lib/x86_64-linux-gnu/libOgreRTShaderSystem.so;debug;/usr/lib/x86_64-linux-gnu/libOgreRTShaderSystem.so
[7.336s] -- Looking for OGRE_Volume...
[7.351s] -- Found OGRE_Volume: optimized;/usr/lib/x86_64-linux-gnu/libOgreVolume.so;debug;/usr/lib/x86_64-linux-gnu/libOgreVolume.so
[7.351s] -- Looking for OGRE_Overlay...
[7.365s] -- Found OGRE_Overlay: optimized;/usr/lib/x86_64-linux-gnu/libOgreOverlay.so;debug;/usr/lib/x86_64-linux-gnu/libOgreOverlay.so
[7.773s] -- Looking for ignition-math6 -- found version 6.15.1
[7.781s] -- Looking for ignition-transport8 -- found version 8.2.1
[7.782s] -- Searching for dependencies of ignition-transport8
[7.813s] -- Found Protobuf: /usr/lib/x86_64-linux-gnu/libprotobuf.so (found suitable version "3.12.4", minimum required is "3") 
[7.834s] -- Config-file not installed for ZeroMQ -- checking for pkg-config
[7.841s] -- Checking for module 'libzmq >= 4'
[7.874s] --   Found libzmq , version 4.3.4
[7.967s] -- Found ZeroMQ: TRUE (Required is at least version "4") 
[7.980s] -- Checking for module 'uuid'
[8.009s] --   Found uuid, version 2.37.2
[8.069s] -- Found UUID: TRUE  
[8.080s] -- Looking for ignition-msgs5 -- found version 5.8.1
[8.080s] -- Searching for dependencies of ignition-msgs5
[8.114s] -- Looking for ignition-math6 -- found version 6.15.1
[8.123s] -- Checking for module 'tinyxml2'
[8.151s] --   Found tinyxml2, version 9.0.0
[8.217s] -- Looking for ignition-msgs5 -- found version 5.8.1
[8.225s] -- Looking for ignition-common3 -- found version 3.14.0
[8.226s] -- Searching for dependencies of ignition-common3
[8.228s] -- Looking for dlfcn.h - found
[8.230s] -- Looking for libdl - found
[8.232s] -- Found DL: TRUE  
[8.253s] -- Found tinyobjloader: /usr/lib/x86_64-linux-gnu/cmake/tinyobjloader/tinyobjloader-config.cmake (found version "2.0.0") 
[8.254s] -- Searching for <ignition-common3> component [graphics]
[8.262s] -- Looking for ignition-common3-graphics -- found version 3.14.0
[8.262s] -- Searching for dependencies of ignition-common3-graphics
[8.262s] -- Looking for ignition-math6 -- found version 6.15.1
[8.270s] -- Looking for ignition-fuel_tools4 -- found version 4.4.0
[8.271s] -- Searching for dependencies of ignition-fuel_tools4
[8.421s] -- Found CURL: /usr/lib/x86_64-linux-gnu/libcurl.so (found version "7.81.0")  
[8.438s] -- Checking for module 'jsoncpp'
[8.468s] --   Found jsoncpp, version 1.9.5
[8.531s] -- Found JSONCPP: TRUE  
[8.540s] -- Checking for module 'libzip'
[8.568s] --   Found libzip, version 1.7.3
[8.629s] -- Found ZIP: TRUE  
[8.629s] -- Looking for ignition-common3 -- found version 3.14.0
[8.630s] -- Looking for ignition-math6 -- found version 6.15.1
[8.630s] -- Looking for ignition-msgs5 -- found version 5.8.1
[8.639s] -- Gazebo version: 11.10
[8.640s] -- Checking for module 'tbb'
[8.669s] --   Found tbb, version 2021.5.0
[8.750s] [31mCMake Error at /opt/ros/humble/share/ament_cmake_core/cmake/core/stamp.cmake:24 (configure_file):
[8.750s]   Operation not permitted
[8.750s] Call Stack (most recent call first):
[8.751s]   /opt/ros/humble/share/ament_cmake_core/cmake/core/ament_package_xml.cmake:73 (stamp)
[8.751s]   /opt/ros/humble/share/ament_cmake_core/cmake/core/ament_package_xml.cmake:49 (_ament_package_xml)
[8.751s]   /opt/ros/humble/share/ament_cmake_core/cmake/core/ament_package.cmake:63 (ament_package_xml)
[8.751s]   CMakeLists.txt:33 (ament_package)
[8.751s] 
[8.751s] [0m
[8.765s] [31mCMake Error at /opt/ros/humble/share/ament_cmake_core/cmake/core/stamp.cmake:24 (configure_file):
[8.765s]   Operation not permitted
[8.765s] Call Stack (most recent call first):
[8.765s]   /opt/ros/humble/share/ament_cmake_core/cmake/environment_hooks/ament_environment_hooks.cmake:37 (stamp)
[8.765s]   /opt/ros/humble/share/ament_cmake_core/cmake/environment_hooks/ament_cmake_environment_hooks_package_hook.cmake:20 (ament_environment_hooks)
[8.765s]   /opt/ros/humble/share/ament_cmake_core/cmake/core/ament_execute_extensions.cmake:48 (include)
[8.765s]   /opt/ros/humble/share/ament_cmake_core/cmake/core/ament_package.cmake:66 (ament_execute_extensions)
[8.765s]   CMakeLists.txt:33 (ament_package)
[8.765s] 
[8.765s] [0m
[8.789s] [31mCMake Error at /opt/ros/humble/share/ament_cmake_core/cmake/core/stamp.cmake:24 (configure_file):
[8.790s]   Operation not permitted
[8.790s] Call Stack (most recent call first):
[8.790s]   /opt/ros/humble/share/ament_cmake_core/cmake/environment_hooks/ament_environment_hooks.cmake:37 (stamp)
[8.790s]   /opt/ros/humble/share/ament_cmake_core/cmake/environment_hooks/ament_cmake_environment_hooks_package_hook.cmake:20 (ament_environment_hooks)
[8.790s]   /opt/ros/humble/share/ament_cmake_core/cmake/core/ament_execute_extensions.cmake:48 (include)
[8.790s]   /opt/ros/humble/share/ament_cmake_core/cmake/core/ament_package.cmake:66 (ament_execute_extensions)
[8.790s]   CMakeLists.txt:33 (ament_package)
[8.790s] 
[8.790s] [0m
[8.813s] [31mCMake Error at /opt/ros/humble/share/ament_cmake_core/cmake/environment_hooks/ament_generate_package_environment.cmake:73 (configure_file):
[8.813s]   Operation not permitted
[8.813s] Call Stack (most recent call first):
[8.813s]   /opt/ros/humble/share/ament_cmake_core/cmake/environment_hooks/ament_cmake_environment_hooks_package_hook.cmake:26 (ament_generate_package_environment)
[8.813s]   /opt/ros/humble/share/ament_cmake_core/cmake/core/ament_execute_extensions.cmake:48 (include)
[8.813s]   /opt/ros/humble/share/ament_cmake_core/cmake/core/ament_package.cmake:66 (ament_execute_extensions)
[8.813s]   CMakeLists.txt:33 (ament_package)
[8.813s] 
[8.813s] [0m
[8.827s] [31mCMake Error at /opt/ros/humble/share/ament_cmake_core/cmake/environment_hooks/ament_generate_package_environment.cmake:73 (configure_file):
[8.827s]   Operation not permitted
[8.827s] Call Stack (most recent call first):
[8.827s]   /opt/ros/humble/share/ament_cmake_core/cmake/environment_hooks/ament_cmake_environment_hooks_package_hook.cmake:26 (ament_generate_package_environment)
[8.827s]   /opt/ros/humble/share/ament_cmake_core/cmake/core/ament_execute_extensions.cmake:48 (include)
[8.827s]   /opt/ros/humble/share/ament_cmake_core/cmake/core/ament_package.cmake:66 (ament_execute_extensions)
[8.827s]   CMakeLists.txt:33 (ament_package)
[8.827s] 
[8.827s] [0m
[8.849s] [31mCMake Error at /opt/ros/humble/share/ament_cmake_core/cmake/core/stamp.cmake:24 (configure_file):
[8.849s]   Operation not permitted
[8.850s] Call Stack (most recent call first):
[8.850s]   /opt/ros/humble/share/ament_cmake_core/cmake/core/ament_package.cmake:135 (stamp)
[8.850s]   /opt/ros/humble/share/ament_cmake_core/cmake/core/ament_package.cmake:68 (_ament_package)
[8.850s]   CMakeLists.txt:33 (ament_package)
[8.850s] 
[8.850s] [0m
[8.850s] -- Configuring incomplete, errors occurred!
[8.850s] See also "/workspace/Ur5_simulation/src/build/grasping_objects/CMakeFiles/CMakeOutput.log".
