[0.043s] Invoking command in '/workspace/Ur5_simulation/src/build/robotiq_description': CMAKE_PREFIX_PATH=${CMAKE_PREFIX_PATH}:/opt/ros/humble CONDA_PROMPT_MODIFIER=(base) PS1=Apptainer> /usr/bin/cmake /workspace/Ur5_simulation/src/ros2_robotiq_gripper/robotiq_description -DCMAKE_INSTALL_PREFIX=/workspace/Ur5_simulation/src/install/robotiq_description
[0.339s] -- The C compiler identification is GNU 11.4.0
[0.619s] -- The CXX compiler identification is GNU 11.4.0
[0.630s] -- Detecting C compiler ABI info
[1.033s] -- Detecting C compiler ABI info - done
[1.041s] -- Check for working C compiler: /usr/bin/cc - skipped
[1.041s] -- Detecting C compile features
[1.041s] -- Detecting C compile features - done
[1.047s] -- Detecting CXX compiler ABI info
[1.512s] -- Detecting CXX compiler ABI info - done
[1.518s] -- Check for working CXX compiler: /usr/bin/c++ - skipped
[1.519s] -- Detecting CXX compile features
[1.519s] -- Detecting CXX compile features - done
[1.529s] -- Found ament_cmake: 1.3.12 (/opt/ros/humble/share/ament_cmake/cmake)
[3.718s] -- Found Python3: /home/inr8842/miniconda3/bin/python3 (found version "3.9.12") found components: Interpreter 
[3.737s] [31mCMake Error at /opt/ros/humble/share/ament_cmake_core/cmake/core/stamp.cmake:24 (configure_file):
[3.737s]   Operation not permitted
[3.737s] Call Stack (most recent call first):
[3.737s]   /opt/ros/humble/share/ament_cmake_core/cmake/ament_cmake_package_templates-extras.cmake:24 (stamp)
[3.737s]   /opt/ros/humble/share/ament_cmake_core/cmake/ament_cmake_coreConfig.cmake:41 (include)
[3.737s]   /opt/ros/humble/share/ament_cmake/cmake/ament_cmake_export_dependencies-extras.cmake:15 (find_package)
[3.737s]   /opt/ros/humble/share/ament_cmake/cmake/ament_cmakeConfig.cmake:41 (include)
[3.737s]   CMakeLists.txt:9 (find_package)
[3.738s] 
[3.738s] [0m
[4.166s] [31mCMake Error at /opt/ros/humble/share/ament_cmake_core/cmake/core/stamp.cmake:24 (configure_file):
[4.166s]   Operation not permitted
[4.166s] Call Stack (most recent call first):
[4.166s]   /opt/ros/humble/share/ament_cmake_core/cmake/core/ament_package_xml.cmake:74 (stamp)
[4.166s]   /opt/ros/humble/share/ament_cmake_core/cmake/core/ament_package_xml.cmake:49 (_ament_package_xml)
[4.166s]   /opt/ros/humble/share/ament_cmake_core/cmake/core/ament_package.cmake:63 (ament_package_xml)
[4.166s]   CMakeLists.txt:22 (ament_package)
[4.167s] 
[4.167s] [0m
[4.224s] [31mCMake Error at /opt/ros/humble/share/ament_cmake_core/cmake/core/stamp.cmake:24 (configure_file):
[4.224s]   Operation not permitted
[4.224s] Call Stack (most recent call first):
[4.224s]   /opt/ros/humble/share/ament_cmake_core/cmake/environment_hooks/ament_environment_hooks.cmake:37 (stamp)
[4.224s]   /opt/ros/humble/share/ament_cmake_core/cmake/environment_hooks/ament_cmake_environment_hooks_package_hook.cmake:20 (ament_environment_hooks)
[4.224s]   /opt/ros/humble/share/ament_cmake_core/cmake/core/ament_execute_extensions.cmake:48 (include)
[4.224s]   /opt/ros/humble/share/ament_cmake_core/cmake/core/ament_package.cmake:66 (ament_execute_extensions)
[4.224s]   CMakeLists.txt:22 (ament_package)
[4.224s] 
[4.224s] [0m
[4.248s] [31mCMake Error at /opt/ros/humble/share/ament_cmake_core/cmake/core/stamp.cmake:24 (configure_file):
[4.248s]   Operation not permitted
[4.249s] Call Stack (most recent call first):
[4.249s]   /opt/ros/humble/share/ament_cmake_core/cmake/environment_hooks/ament_environment_hooks.cmake:37 (stamp)
[4.249s]   /opt/ros/humble/share/ament_cmake_core/cmake/environment_hooks/ament_cmake_environment_hooks_package_hook.cmake:20 (ament_environment_hooks)
[4.249s]   /opt/ros/humble/share/ament_cmake_core/cmake/core/ament_execute_extensions.cmake:48 (include)
[4.249s]   /opt/ros/humble/share/ament_cmake_core/cmake/core/ament_package.cmake:66 (ament_execute_extensions)
[4.249s]   CMakeLists.txt:22 (ament_package)
[4.249s] 
[4.249s] [0m
[4.330s] [31mCMake Error at /opt/ros/humble/share/ament_cmake_core/cmake/environment_hooks/ament_generate_package_environment.cmake:73 (configure_file):
[4.330s]   Operation not permitted
[4.330s] Call Stack (most recent call first):
[4.330s]   /opt/ros/humble/share/ament_cmake_core/cmake/environment_hooks/ament_cmake_environment_hooks_package_hook.cmake:26 (ament_generate_package_environment)
[4.330s]   /opt/ros/humble/share/ament_cmake_core/cmake/core/ament_execute_extensions.cmake:48 (include)
[4.330s]   /opt/ros/humble/share/ament_cmake_core/cmake/core/ament_package.cmake:66 (ament_execute_extensions)
[4.331s]   CMakeLists.txt:22 (ament_package)
[4.331s] 
[4.331s] [0m
[4.354s] [31mCMake Error at /opt/ros/humble/share/ament_cmake_core/cmake/environment_hooks/ament_generate_package_environment.cmake:73 (configure_file):
[4.354s]   Operation not permitted
[4.354s] Call Stack (most recent call first):
[4.354s]   /opt/ros/humble/share/ament_cmake_core/cmake/environment_hooks/ament_cmake_environment_hooks_package_hook.cmake:26 (ament_generate_package_environment)
[4.354s]   /opt/ros/humble/share/ament_cmake_core/cmake/core/ament_execute_extensions.cmake:48 (include)
[4.354s]   /opt/ros/humble/share/ament_cmake_core/cmake/core/ament_package.cmake:66 (ament_execute_extensions)
[4.355s]   CMakeLists.txt:22 (ament_package)
[4.355s] 
[4.355s] [0m
[4.437s] [31mCMake Error at /opt/ros/humble/share/ament_cmake_core/cmake/core/stamp.cmake:24 (configure_file):
[4.437s]   Operation not permitted
[4.437s] Call Stack (most recent call first):
[4.437s]   /opt/ros/humble/share/ament_cmake_core/cmake/core/ament_package.cmake:135 (stamp)
[4.437s]   /opt/ros/humble/share/ament_cmake_core/cmake/core/ament_package.cmake:68 (_ament_package)
[4.437s]   CMakeLists.txt:22 (ament_package)
[4.438s] 
[4.438s] [0m
[4.438s] -- Configuring incomplete, errors occurred!
[4.438s] See also "/workspace/Ur5_simulation/src/build/robotiq_description/CMakeFiles/CMakeOutput.log".
[4.447s] Invoked command in '/workspace/Ur5_simulation/src/build/robotiq_description' returned '1': CMAKE_PREFIX_PATH=${CMAKE_PREFIX_PATH}:/opt/ros/humble CONDA_PROMPT_MODIFIER=(base) PS1=Apptainer> /usr/bin/cmake /workspace/Ur5_simulation/src/ros2_robotiq_gripper/robotiq_description -DCMAKE_INSTALL_PREFIX=/workspace/Ur5_simulation/src/install/robotiq_description
