[0.056s] Invoking command in '/workspace/Ur5_simulation/src/build/ur5e_sim': CMAKE_PREFIX_PATH=${CMAKE_PREFIX_PATH}:/opt/ros/humble CONDA_PROMPT_MODIFIER=(base) PS1=Apptainer> /usr/bin/cmake /workspace/Ur5_simulation/src/ur5e_sim -DCMAKE_INSTALL_PREFIX=/workspace/Ur5_simulation/src/install/ur5e_sim
[0.381s] -- The C compiler identification is GNU 11.4.0
[0.655s] -- The CXX compiler identification is GNU 11.4.0
[0.668s] -- Detecting C compiler ABI info
[1.075s] -- Detecting C compiler ABI info - done
[1.082s] -- Check for working C compiler: /usr/bin/cc - skipped
[1.083s] -- Detecting C compile features
[1.083s] -- Detecting C compile features - done
[1.088s] -- Detecting CXX compiler ABI info
[1.553s] -- Detecting CXX compiler ABI info - done
[1.559s] -- Check for working CXX compiler: /usr/bin/c++ - skipped
[1.559s] -- Detecting CXX compile features
[1.560s] -- Detecting CXX compile features - done
[1.569s] -- Found ament_cmake: 1.3.12 (/opt/ros/humble/share/ament_cmake/cmake)
[3.685s] -- Found Python3: /home/inr8842/miniconda3/bin/python3 (found version "3.9.12") found components: Interpreter 
[3.771s] [31mCMake Error at /opt/ros/humble/share/ament_cmake_core/cmake/core/stamp.cmake:24 (configure_file):
[3.771s]   Operation not permitted
[3.771s] Call Stack (most recent call first):
[3.771s]   /opt/ros/humble/share/ament_cmake_core/cmake/ament_cmake_package_templates-extras.cmake:24 (stamp)
[3.771s]   /opt/ros/humble/share/ament_cmake_core/cmake/ament_cmake_coreConfig.cmake:41 (include)
[3.771s]   /opt/ros/humble/share/ament_cmake/cmake/ament_cmake_export_dependencies-extras.cmake:15 (find_package)
[3.771s]   /opt/ros/humble/share/ament_cmake/cmake/ament_cmakeConfig.cmake:41 (include)
[3.771s]   CMakeLists.txt:9 (find_package)
[3.771s] 
[3.772s] [0m
[4.181s] -- Found xacro: 2.1.1 (/opt/ros/humble/share/xacro/cmake)
[4.187s] -- Found rclcpp: 16.0.15 (/opt/ros/humble/share/rclcpp/cmake)
[4.387s] -- Found rosidl_generator_c: 3.1.7 (/opt/ros/humble/share/rosidl_generator_c/cmake)
[4.458s] -- Found rosidl_adapter: 3.1.7 (/opt/ros/humble/share/rosidl_adapter/cmake)
[4.473s] -- Found rosidl_generator_cpp: 3.1.7 (/opt/ros/humble/share/rosidl_generator_cpp/cmake)
[4.553s] -- Using all available rosidl_typesupport_c: rosidl_typesupport_fastrtps_c;rosidl_typesupport_introspection_c
[4.581s] -- Using all available rosidl_typesupport_cpp: rosidl_typesupport_fastrtps_cpp;rosidl_typesupport_introspection_cpp
[4.784s] -- Found rmw_implementation_cmake: 6.1.2 (/opt/ros/humble/share/rmw_implementation_cmake/cmake)
[4.791s] -- Found rmw_fastrtps_cpp: 6.2.8 (/opt/ros/humble/share/rmw_fastrtps_cpp/cmake)
[5.268s] -- Found OpenSSL: /usr/lib/x86_64-linux-gnu/libcrypto.so (found version "3.0.2")  
[5.379s] -- Found FastRTPS: /opt/ros/humble/include  
[5.576s] -- Using RMW implementation 'rmw_fastrtps_cpp' as default
[5.662s] -- Looking for pthread.h
[5.970s] -- Looking for pthread.h - found
[5.971s] -- Performing Test CMAKE_HAVE_LIBC_PTHREAD
[6.254s] -- Performing Test CMAKE_HAVE_LIBC_PTHREAD - Success
[6.255s] -- Found Threads: TRUE  
[6.387s] -- Found trajectory_msgs: 4.9.0 (/opt/ros/humble/share/trajectory_msgs/cmake)
[6.479s] -- Found ament_lint_auto: 0.12.14 (/opt/ros/humble/share/ament_lint_auto/cmake)
[6.502s] [31mCMake Error at /opt/ros/humble/share/ament_cmake_core/cmake/core/stamp.cmake:24 (configure_file):
[6.502s]   Operation not permitted
[6.502s] Call Stack (most recent call first):
[6.502s]   /opt/ros/humble/share/ament_cmake_core/cmake/core/ament_package_xml.cmake:74 (stamp)
[6.502s]   /opt/ros/humble/share/ament_cmake_core/cmake/core/ament_package_xml.cmake:49 (_ament_package_xml)
[6.503s]   /opt/ros/humble/share/ament_lint_auto/cmake/ament_lint_auto_find_test_dependencies.cmake:31 (ament_package_xml)
[6.503s]   CMakeLists.txt:24 (ament_lint_auto_find_test_dependencies)
[6.503s] 
[6.503s] [0m
[6.503s] [31mCMake Error at /opt/ros/humble/share/ament_cmake_core/cmake/core/stamp.cmake:24 (configure_file):
[6.503s]   Operation not permitted
[6.503s] Call Stack (most recent call first):
[6.503s]   /opt/ros/humble/share/ament_cmake_core/cmake/core/ament_package_xml.cmake:74 (stamp)
[6.503s]   /opt/ros/humble/share/ament_cmake_core/cmake/core/ament_package_xml.cmake:49 (_ament_package_xml)
[6.503s]   /opt/ros/humble/share/ament_cmake_core/cmake/core/ament_package.cmake:63 (ament_package_xml)
[6.503s]   CMakeLists.txt:31 (ament_package)
[6.503s] 
[6.503s] [0m
[6.514s] [31mCMake Error at /opt/ros/humble/share/ament_cmake_core/cmake/core/stamp.cmake:24 (configure_file):
[6.514s]   Operation not permitted
[6.514s] Call Stack (most recent call first):
[6.514s]   /opt/ros/humble/share/ament_cmake_core/cmake/environment_hooks/ament_environment_hooks.cmake:37 (stamp)
[6.514s]   /opt/ros/humble/share/ament_cmake_core/cmake/environment_hooks/ament_cmake_environment_hooks_package_hook.cmake:20 (ament_environment_hooks)
[6.514s]   /opt/ros/humble/share/ament_cmake_core/cmake/core/ament_execute_extensions.cmake:48 (include)
[6.514s]   /opt/ros/humble/share/ament_cmake_core/cmake/core/ament_package.cmake:66 (ament_execute_extensions)
[6.514s]   CMakeLists.txt:31 (ament_package)
[6.514s] 
[6.514s] [0m
[6.572s] [31mCMake Error at /opt/ros/humble/share/ament_cmake_core/cmake/core/stamp.cmake:24 (configure_file):
[6.572s]   Operation not permitted
[6.572s] Call Stack (most recent call first):
[6.573s]   /opt/ros/humble/share/ament_cmake_core/cmake/environment_hooks/ament_environment_hooks.cmake:37 (stamp)
[6.573s]   /opt/ros/humble/share/ament_cmake_core/cmake/environment_hooks/ament_cmake_environment_hooks_package_hook.cmake:20 (ament_environment_hooks)
[6.573s]   /opt/ros/humble/share/ament_cmake_core/cmake/core/ament_execute_extensions.cmake:48 (include)
[6.573s]   /opt/ros/humble/share/ament_cmake_core/cmake/core/ament_package.cmake:66 (ament_execute_extensions)
[6.573s]   CMakeLists.txt:31 (ament_package)
[6.573s] 
[6.573s] [0m
[6.602s] [31mCMake Error at /opt/ros/humble/share/ament_cmake_core/cmake/environment_hooks/ament_generate_package_environment.cmake:73 (configure_file):
[6.602s]   Operation not permitted
[6.602s] Call Stack (most recent call first):
[6.602s]   /opt/ros/humble/share/ament_cmake_core/cmake/environment_hooks/ament_cmake_environment_hooks_package_hook.cmake:26 (ament_generate_package_environment)
[6.602s]   /opt/ros/humble/share/ament_cmake_core/cmake/core/ament_execute_extensions.cmake:48 (include)
[6.602s]   /opt/ros/humble/share/ament_cmake_core/cmake/core/ament_package.cmake:66 (ament_execute_extensions)
[6.602s]   CMakeLists.txt:31 (ament_package)
[6.602s] 
[6.602s] [0m
[6.622s] [31mCMake Error at /opt/ros/humble/share/ament_cmake_core/cmake/environment_hooks/ament_generate_package_environment.cmake:73 (configure_file):
[6.622s]   Operation not permitted
[6.622s] Call Stack (most recent call first):
[6.622s]   /opt/ros/humble/share/ament_cmake_core/cmake/environment_hooks/ament_cmake_environment_hooks_package_hook.cmake:26 (ament_generate_package_environment)
[6.622s]   /opt/ros/humble/share/ament_cmake_core/cmake/core/ament_execute_extensions.cmake:48 (include)
[6.622s]   /opt/ros/humble/share/ament_cmake_core/cmake/core/ament_package.cmake:66 (ament_execute_extensions)
[6.622s]   CMakeLists.txt:31 (ament_package)
[6.623s] 
[6.623s] [0m
[6.653s] [31mCMake Error at /opt/ros/humble/share/ament_cmake_core/cmake/core/stamp.cmake:24 (configure_file):
[6.653s]   Operation not permitted
[6.654s] Call Stack (most recent call first):
[6.654s]   /opt/ros/humble/share/ament_cmake_core/cmake/core/ament_package.cmake:135 (stamp)
[6.654s]   /opt/ros/humble/share/ament_cmake_core/cmake/core/ament_package.cmake:68 (_ament_package)
[6.654s]   CMakeLists.txt:31 (ament_package)
[6.654s] 
[6.654s] [0m
[6.654s] -- Configuring incomplete, errors occurred!
[6.654s] See also "/workspace/Ur5_simulation/src/build/ur5e_sim/CMakeFiles/CMakeOutput.log".
