[0.041s] Invoking command in '/workspace/Ur5_simulation/src/build/robotiq_controllers': CMAKE_PREFIX_PATH=${CMAKE_PREFIX_PATH}:/opt/ros/humble CONDA_PROMPT_MODIFIER=(base) PS1=Apptainer> /usr/bin/cmake /workspace/Ur5_simulation/src/ros2_robotiq_gripper/robotiq_controllers -DCMAKE_INSTALL_PREFIX=/workspace/Ur5_simulation/src/install/robotiq_controllers
[0.345s] -- The C compiler identification is GNU 11.4.0
[0.620s] -- The CXX compiler identification is GNU 11.4.0
[0.632s] -- Detecting C compiler ABI info
[1.039s] -- Detecting C compiler ABI info - done
[1.046s] -- Check for working C compiler: /usr/bin/cc - skipped
[1.047s] -- Detecting C compile features
[1.047s] -- Detecting C compile features - done
[1.052s] -- Detecting CXX compiler ABI info
[1.517s] -- Detecting CXX compiler ABI info - done
[1.524s] -- Check for working CXX compiler: /usr/bin/c++ - skipped
[1.525s] -- Detecting CXX compile features
[1.525s] -- Detecting CXX compile features - done
[1.535s] -- Found ament_cmake: 1.3.12 (/opt/ros/humble/share/ament_cmake/cmake)
[3.641s] -- Found Python3: /home/inr8842/miniconda3/bin/python3 (found version "3.9.12") found components: Interpreter 
[3.657s] [31mCMake Error at /opt/ros/humble/share/ament_cmake_core/cmake/core/stamp.cmake:24 (configure_file):
[3.657s]   Operation not permitted
[3.657s] Call Stack (most recent call first):
[3.657s]   /opt/ros/humble/share/ament_cmake_core/cmake/ament_cmake_package_templates-extras.cmake:24 (stamp)
[3.657s]   /opt/ros/humble/share/ament_cmake_core/cmake/ament_cmake_coreConfig.cmake:41 (include)
[3.657s]   /opt/ros/humble/share/ament_cmake/cmake/ament_cmake_export_dependencies-extras.cmake:15 (find_package)
[3.657s]   /opt/ros/humble/share/ament_cmake/cmake/ament_cmakeConfig.cmake:41 (include)
[3.657s]   CMakeLists.txt:9 (find_package)
[3.657s] 
[3.657s] [0m
[4.130s] -- Found controller_interface: 2.52.0 (/opt/ros/humble/share/controller_interface/cmake)
[4.333s] -- Found rosidl_generator_c: 3.1.7 (/opt/ros/humble/share/rosidl_generator_c/cmake)
[4.342s] -- Found rosidl_adapter: 3.1.7 (/opt/ros/humble/share/rosidl_adapter/cmake)
[4.419s] -- Found rosidl_generator_cpp: 3.1.7 (/opt/ros/humble/share/rosidl_generator_cpp/cmake)
[4.439s] -- Using all available rosidl_typesupport_c: rosidl_typesupport_fastrtps_c;rosidl_typesupport_introspection_c
[4.526s] -- Using all available rosidl_typesupport_cpp: rosidl_typesupport_fastrtps_cpp;rosidl_typesupport_introspection_cpp
[5.321s] -- Found rmw_implementation_cmake: 6.1.2 (/opt/ros/humble/share/rmw_implementation_cmake/cmake)
[5.328s] -- Found rmw_fastrtps_cpp: 6.2.8 (/opt/ros/humble/share/rmw_fastrtps_cpp/cmake)
[5.429s] -- Found TinyXML2 via Config file: TinyXML2_DIR-NOTFOUND
[5.649s] -- Found OpenSSL: /usr/lib/x86_64-linux-gnu/libcrypto.so (found version "3.0.2")  
[5.653s] -- Found TinyXML2 via Config file: TinyXML2_DIR-NOTFOUND
[5.732s] -- Found FastRTPS: /opt/ros/humble/include  
[5.736s] -- Found TinyXML2 via Config file: TinyXML2_DIR-NOTFOUND
[5.747s] -- Found TinyXML2 via Config file: TinyXML2_DIR-NOTFOUND
[5.822s] -- Using RMW implementation 'rmw_fastrtps_cpp' as default
[5.844s] -- Looking for pthread.h
[6.139s] -- Looking for pthread.h - found
[6.139s] -- Performing Test CMAKE_HAVE_LIBC_PTHREAD
[6.418s] -- Performing Test CMAKE_HAVE_LIBC_PTHREAD - Success
[6.419s] -- Found Threads: TRUE  
[6.535s] -- Found std_srvs: 4.9.0 (/opt/ros/humble/share/std_srvs/cmake)
[6.553s] -- Found ament_lint_auto: 0.12.14 (/opt/ros/humble/share/ament_lint_auto/cmake)
[6.573s] [31mCMake Error at /opt/ros/humble/share/ament_cmake_core/cmake/core/stamp.cmake:24 (configure_file):
[6.573s]   Operation not permitted
[6.573s] Call Stack (most recent call first):
[6.573s]   /opt/ros/humble/share/ament_cmake_core/cmake/core/ament_package_xml.cmake:73 (stamp)
[6.573s]   /opt/ros/humble/share/ament_cmake_core/cmake/core/ament_package_xml.cmake:49 (_ament_package_xml)
[6.573s]   /opt/ros/humble/share/ament_lint_auto/cmake/ament_lint_auto_find_test_dependencies.cmake:31 (ament_package_xml)
[6.573s]   CMakeLists.txt:67 (ament_lint_auto_find_test_dependencies)
[6.573s] 
[6.573s] [0m
[6.587s] [31mCMake Error at /opt/ros/humble/share/ament_cmake_core/cmake/core/stamp.cmake:24 (configure_file):
[6.587s]   Operation not permitted
[6.587s] Call Stack (most recent call first):
[6.587s]   /opt/ros/humble/share/ament_cmake_core/cmake/environment_hooks/ament_environment_hooks.cmake:37 (stamp)
[6.587s]   /opt/ros/humble/share/ament_cmake_export_libraries/cmake/ament_cmake_export_libraries-extras.cmake:25 (ament_environment_hooks)
[6.587s]   /opt/ros/humble/share/ament_cmake_export_libraries/cmake/ament_export_libraries.cmake:35 (_ament_cmake_export_libraries_register_environment_hook)
[6.587s]   CMakeLists.txt:74 (ament_export_libraries)
[6.587s] 
[6.588s] [0m
[6.590s] [31mCMake Error at /opt/ros/humble/share/ament_cmake_core/cmake/core/stamp.cmake:24 (configure_file):
[6.591s]   Operation not permitted
[6.591s] Call Stack (most recent call first):
[6.591s]   /opt/ros/humble/share/ament_cmake_core/cmake/core/ament_package_xml.cmake:73 (stamp)
[6.591s]   /opt/ros/humble/share/ament_cmake_core/cmake/core/ament_package_xml.cmake:49 (_ament_package_xml)
[6.591s]   /opt/ros/humble/share/ament_cmake_core/cmake/core/ament_package.cmake:63 (ament_package_xml)
[6.591s]   CMakeLists.txt:84 (ament_package)
[6.591s] 
[6.591s] [0m
[6.604s] [31mCMake Error at /opt/ros/humble/share/ament_cmake_core/cmake/core/stamp.cmake:24 (configure_file):
[6.604s]   Operation not permitted
[6.605s] Call Stack (most recent call first):
[6.605s]   /opt/ros/humble/share/ament_cmake_core/cmake/environment_hooks/ament_environment_hooks.cmake:37 (stamp)
[6.605s]   /opt/ros/humble/share/ament_cmake_core/cmake/environment_hooks/ament_cmake_environment_hooks_package_hook.cmake:20 (ament_environment_hooks)
[6.605s]   /opt/ros/humble/share/ament_cmake_core/cmake/core/ament_execute_extensions.cmake:48 (include)
[6.605s]   /opt/ros/humble/share/ament_cmake_core/cmake/core/ament_package.cmake:66 (ament_execute_extensions)
[6.605s]   CMakeLists.txt:84 (ament_package)
[6.605s] 
[6.605s] [0m
[6.621s] [31mCMake Error at /opt/ros/humble/share/ament_cmake_core/cmake/core/stamp.cmake:24 (configure_file):
[6.621s]   Operation not permitted
[6.621s] Call Stack (most recent call first):
[6.622s]   /opt/ros/humble/share/ament_cmake_core/cmake/environment_hooks/ament_environment_hooks.cmake:37 (stamp)
[6.622s]   /opt/ros/humble/share/ament_cmake_core/cmake/environment_hooks/ament_cmake_environment_hooks_package_hook.cmake:20 (ament_environment_hooks)
[6.622s]   /opt/ros/humble/share/ament_cmake_core/cmake/core/ament_execute_extensions.cmake:48 (include)
[6.622s]   /opt/ros/humble/share/ament_cmake_core/cmake/core/ament_package.cmake:66 (ament_execute_extensions)
[6.622s]   CMakeLists.txt:84 (ament_package)
[6.622s] 
[6.622s] [0m
[6.642s] [31mCMake Error at /opt/ros/humble/share/ament_cmake_core/cmake/environment_hooks/ament_generate_package_environment.cmake:73 (configure_file):
[6.643s]   Operation not permitted
[6.643s] Call Stack (most recent call first):
[6.643s]   /opt/ros/humble/share/ament_cmake_core/cmake/environment_hooks/ament_cmake_environment_hooks_package_hook.cmake:26 (ament_generate_package_environment)
[6.643s]   /opt/ros/humble/share/ament_cmake_core/cmake/core/ament_execute_extensions.cmake:48 (include)
[6.643s]   /opt/ros/humble/share/ament_cmake_core/cmake/core/ament_package.cmake:66 (ament_execute_extensions)
[6.643s]   CMakeLists.txt:84 (ament_package)
[6.643s] 
[6.643s] [0m
[6.647s] [31mCMake Error at /opt/ros/humble/share/ament_cmake_core/cmake/environment_hooks/ament_generate_package_environment.cmake:73 (configure_file):
[6.647s]   Operation not permitted
[6.647s] Call Stack (most recent call first):
[6.647s]   /opt/ros/humble/share/ament_cmake_core/cmake/environment_hooks/ament_cmake_environment_hooks_package_hook.cmake:26 (ament_generate_package_environment)
[6.647s]   /opt/ros/humble/share/ament_cmake_core/cmake/core/ament_execute_extensions.cmake:48 (include)
[6.647s]   /opt/ros/humble/share/ament_cmake_core/cmake/core/ament_package.cmake:66 (ament_execute_extensions)
[6.647s]   CMakeLists.txt:84 (ament_package)
[6.647s] 
[6.647s] [0m
[6.665s] [31mCMake Error at /opt/ros/humble/share/ament_cmake_export_include_directories/cmake/ament_cmake_export_include_directories_package_hook.cmake:23 (configure_file):
[6.665s]   Operation not permitted
[6.665s] Call Stack (most recent call first):
[6.666s]   /opt/ros/humble/share/ament_cmake_core/cmake/core/ament_execute_extensions.cmake:48 (include)
[6.666s]   /opt/ros/humble/share/ament_cmake_core/cmake/core/ament_package.cmake:66 (ament_execute_extensions)
[6.666s]   CMakeLists.txt:84 (ament_package)
[6.666s] 
[6.666s] [0m
[6.684s] [31mCMake Error at /opt/ros/humble/share/ament_cmake_export_libraries/cmake/ament_cmake_export_libraries_package_hook.cmake:23 (configure_file):
[6.684s]   Operation not permitted
[6.684s] Call Stack (most recent call first):
[6.684s]   /opt/ros/humble/share/ament_cmake_core/cmake/core/ament_execute_extensions.cmake:48 (include)
[6.685s]   /opt/ros/humble/share/ament_cmake_core/cmake/core/ament_package.cmake:66 (ament_execute_extensions)
[6.685s]   CMakeLists.txt:84 (ament_package)
[6.685s] 
[6.685s] [0m
[6.702s] [31mCMake Error at /opt/ros/humble/share/ament_cmake_export_targets/cmake/ament_cmake_export_targets_package_hook.cmake:18 (configure_file):
[6.702s]   Operation not permitted
[6.702s] Call Stack (most recent call first):
[6.702s]   /opt/ros/humble/share/ament_cmake_core/cmake/core/ament_execute_extensions.cmake:48 (include)
[6.703s]   /opt/ros/humble/share/ament_cmake_core/cmake/core/ament_package.cmake:66 (ament_execute_extensions)
[6.703s]   CMakeLists.txt:84 (ament_package)
[6.703s] 
[6.703s] [0m
[6.720s] [31mCMake Error at /opt/ros/humble/share/ament_cmake_export_dependencies/cmake/ament_cmake_export_dependencies_package_hook.cmake:18 (configure_file):
[6.720s]   Operation not permitted
[6.720s] Call Stack (most recent call first):
[6.720s]   /opt/ros/humble/share/ament_cmake_core/cmake/core/ament_execute_extensions.cmake:48 (include)
[6.720s]   /opt/ros/humble/share/ament_cmake_core/cmake/core/ament_package.cmake:66 (ament_execute_extensions)
[6.720s]   CMakeLists.txt:84 (ament_package)
[6.720s] 
[6.721s] [0m
[6.744s] [31mCMake Error at /opt/ros/humble/share/ament_cmake_core/cmake/core/stamp.cmake:24 (configure_file):
[6.744s]   Operation not permitted
[6.744s] Call Stack (most recent call first):
[6.744s]   /opt/ros/humble/share/ament_cmake_core/cmake/core/ament_package.cmake:100 (stamp)
[6.744s]   /opt/ros/humble/share/ament_cmake_core/cmake/core/ament_package.cmake:68 (_ament_package)
[6.744s]   CMakeLists.txt:84 (ament_package)
[6.744s] 
[6.744s] [0m
[6.755s] [31mCMake Error at /opt/ros/humble/share/ament_cmake_core/cmake/core/stamp.cmake:24 (configure_file):
[6.755s]   Operation not permitted
[6.755s] Call Stack (most recent call first):
[6.755s]   /opt/ros/humble/share/ament_cmake_core/cmake/core/ament_package.cmake:100 (stamp)
[6.755s]   /opt/ros/humble/share/ament_cmake_core/cmake/core/ament_package.cmake:68 (_ament_package)
[6.755s]   CMakeLists.txt:84 (ament_package)
[6.755s] 
[6.756s] [0m
[6.775s] [31mCMake Error at /opt/ros/humble/share/ament_cmake_core/cmake/core/stamp.cmake:24 (configure_file):
[6.775s]   Operation not permitted
[6.775s] Call Stack (most recent call first):
[6.775s]   /opt/ros/humble/share/ament_cmake_core/cmake/core/ament_package.cmake:100 (stamp)
[6.775s]   /opt/ros/humble/share/ament_cmake_core/cmake/core/ament_package.cmake:68 (_ament_package)
[6.775s]   CMakeLists.txt:84 (ament_package)
[6.775s] 
[6.775s] [0m
[6.784s] [31mCMake Error at /opt/ros/humble/share/ament_cmake_core/cmake/core/stamp.cmake:24 (configure_file):
[6.784s]   Operation not permitted
[6.784s] Call Stack (most recent call first):
[6.784s]   /opt/ros/humble/share/ament_cmake_core/cmake/core/ament_package.cmake:100 (stamp)
[6.784s]   /opt/ros/humble/share/ament_cmake_core/cmake/core/ament_package.cmake:68 (_ament_package)
[6.784s]   CMakeLists.txt:84 (ament_package)
[6.785s] 
[6.785s] [0m
[6.804s] [31mCMake Error at /opt/ros/humble/share/ament_cmake_core/cmake/core/stamp.cmake:24 (configure_file):
[6.804s]   Operation not permitted
[6.804s] Call Stack (most recent call first):
[6.804s]   /opt/ros/humble/share/ament_cmake_core/cmake/core/ament_package.cmake:135 (stamp)
[6.804s]   /opt/ros/humble/share/ament_cmake_core/cmake/core/ament_package.cmake:68 (_ament_package)
[6.804s]   CMakeLists.txt:84 (ament_package)
[6.804s] 
[6.804s] [0m
[6.804s] -- Configuring incomplete, errors occurred!
[6.804s] See also "/workspace/Ur5_simulation/src/build/robotiq_controllers/CMakeFiles/CMakeOutput.log".
