[0.051s] Invoking command in '/workspace/Ur5_simulation/src/build/robotiq_driver': CMAKE_PREFIX_PATH=${CMAKE_PREFIX_PATH}:/opt/ros/humble CONDA_PROMPT_MODIFIER=(base) PS1=Apptainer> /usr/bin/cmake /workspace/Ur5_simulation/src/ros2_robotiq_gripper/robotiq_driver -DCMAKE_INSTALL_PREFIX=/workspace/Ur5_simulation/src/install/robotiq_driver
[0.066s] -- Found ament_cmake: 1.3.12 (/opt/ros/humble/share/ament_cmake/cmake)
[0.235s] -- Found hardware_interface: 2.52.0 (/opt/ros/humble/share/hardware_interface/cmake)
[0.282s] -- Found rosidl_generator_c: 3.1.7 (/opt/ros/humble/share/rosidl_generator_c/cmake)
[0.286s] -- Found rosidl_adapter: 3.1.7 (/opt/ros/humble/share/rosidl_adapter/cmake)
[0.293s] -- Found rosidl_generator_cpp: 3.1.7 (/opt/ros/humble/share/rosidl_generator_cpp/cmake)
[0.305s] -- Using all available rosidl_typesupport_c: rosidl_typesupport_fastrtps_c;rosidl_typesupport_introspection_c
[0.322s] -- Using all available rosidl_typesupport_cpp: rosidl_typesupport_fastrtps_cpp;rosidl_typesupport_introspection_cpp
[0.547s] -- Found rmw_implementation_cmake: 6.1.2 (/opt/ros/humble/share/rmw_implementation_cmake/cmake)
[0.548s] -- Found rmw_fastrtps_cpp: 6.2.8 (/opt/ros/humble/share/rmw_fastrtps_cpp/cmake)
[0.575s] -- Found TinyXML2 via Config file: TinyXML2_DIR-NOTFOUND
[0.589s] -- Found TinyXML2 via Config file: TinyXML2_DIR-NOTFOUND
[0.611s] -- Found TinyXML2 via Config file: TinyXML2_DIR-NOTFOUND
[0.622s] -- Found TinyXML2 via Config file: TinyXML2_DIR-NOTFOUND
[0.636s] -- Using RMW implementation 'rmw_fastrtps_cpp' as default
[0.712s] [31mCMake Error at CMakeLists.txt:18 (find_package):
[0.712s]   By not providing "Findserial.cmake" in CMAKE_MODULE_PATH this project has
[0.712s]   asked CMake to find a package configuration file provided by "serial", but
[0.712s]   CMake did not find one.
[0.712s] 
[0.713s]   Could not find a package configuration file provided by "serial" with any
[0.713s]   of the following names:
[0.713s] 
[0.713s]     serialConfig.cmake
[0.713s]     serial-config.cmake
[0.713s] 
[0.713s]   Add the installation prefix of "serial" to CMAKE_PREFIX_PATH or set
[0.713s]   "serial_DIR" to a directory containing one of the above files.  If "serial"
[0.713s]   provides a separate development package or SDK, be sure it has been
[0.713s]   installed.
[0.713s] 
[0.713s] [0m
[0.713s] -- Configuring incomplete, errors occurred!
[0.713s] See also "/workspace/Ur5_simulation/src/build/robotiq_driver/CMakeFiles/CMakeOutput.log".
