[0.039s] Invoking command in '/workspace/Ur5_simulation/src/build/robotiq_driver': CMAKE_PREFIX_PATH=${CMAKE_PREFIX_PATH}:/opt/ros/humble CONDA_PROMPT_MODIFIER=(base) PS1=Apptainer> /usr/bin/cmake /workspace/Ur5_simulation/src/ros2_robotiq_gripper/robotiq_driver -DCMAKE_INSTALL_PREFIX=/workspace/Ur5_simulation/src/install/robotiq_driver
[0.243s] -- The CXX compiler identification is GNU 11.4.0
[0.254s] -- Detecting CXX compiler ABI info
[0.678s] -- Detecting CXX compiler ABI info - done
[0.736s] -- Check for working CXX compiler: /usr/bin/c++ - skipped
[0.736s] -- Detecting CXX compile features
[0.737s] -- Detecting CXX compile features - done
[0.746s] -- Found ament_cmake: 1.3.12 (/opt/ros/humble/share/ament_cmake/cmake)
[2.735s] -- Found Python3: /home/inr8842/miniconda3/bin/python3 (found version "3.9.12") found components: Interpreter 
[3.148s] -- Found hardware_interface: 2.52.0 (/opt/ros/humble/share/hardware_interface/cmake)
[3.355s] -- Found rosidl_generator_c: 3.1.7 (/opt/ros/humble/share/rosidl_generator_c/cmake)
[3.433s] -- Found rosidl_adapter: 3.1.7 (/opt/ros/humble/share/rosidl_adapter/cmake)
[3.447s] -- Found rosidl_generator_cpp: 3.1.7 (/opt/ros/humble/share/rosidl_generator_cpp/cmake)
[3.533s] -- Using all available rosidl_typesupport_c: rosidl_typesupport_fastrtps_c;rosidl_typesupport_introspection_c
[3.560s] -- Using all available rosidl_typesupport_cpp: rosidl_typesupport_fastrtps_cpp;rosidl_typesupport_introspection_cpp
[4.444s] -- Found rmw_implementation_cmake: 6.1.2 (/opt/ros/humble/share/rmw_implementation_cmake/cmake)
[4.450s] -- Found rmw_fastrtps_cpp: 6.2.8 (/opt/ros/humble/share/rmw_fastrtps_cpp/cmake)
[4.553s] -- Found TinyXML2 via Config file: TinyXML2_DIR-NOTFOUND
[4.848s] -- Found OpenSSL: /usr/lib/x86_64-linux-gnu/libcrypto.so (found version "3.0.2")  
[4.852s] -- Found TinyXML2 via Config file: TinyXML2_DIR-NOTFOUND
[4.937s] -- Found FastRTPS: /opt/ros/humble/include  
[4.941s] -- Found TinyXML2 via Config file: TinyXML2_DIR-NOTFOUND
[4.952s] -- Found TinyXML2 via Config file: TinyXML2_DIR-NOTFOUND
[4.968s] -- Using RMW implementation 'rmw_fastrtps_cpp' as default
[5.053s] -- Looking for C++ include pthread.h
[5.455s] -- Looking for C++ include pthread.h - found
[5.456s] -- Performing Test CMAKE_HAVE_LIBC_PTHREAD
[5.767s] -- Performing Test CMAKE_HAVE_LIBC_PTHREAD - Success
[5.768s] -- Found Threads: TRUE  
[5.969s] [31mCMake Error at CMakeLists.txt:18 (find_package):
[5.969s]   By not providing "Findserial.cmake" in CMAKE_MODULE_PATH this project has
[5.969s]   asked CMake to find a package configuration file provided by "serial", but
[5.970s]   CMake did not find one.
[5.970s] 
[5.970s]   Could not find a package configuration file provided by "serial" with any
[5.970s]   of the following names:
[5.970s] 
[5.970s]     serialConfig.cmake
[5.970s]     serial-config.cmake
[5.970s] 
[5.970s]   Add the installation prefix of "serial" to CMAKE_PREFIX_PATH or set
[5.970s]   "serial_DIR" to a directory containing one of the above files.  If "serial"
[5.970s]   provides a separate development package or SDK, be sure it has been
[5.970s]   installed.
[5.970s] 
[5.970s] [0m
[5.970s] -- Configuring incomplete, errors occurred!
[5.971s] See also "/workspace/Ur5_simulation/src/build/robotiq_driver/CMakeFiles/CMakeOutput.log".
